* using log directory ‘/Users/cjerzak/Documents/DescriptiveRepresentationCalculator-software/DescriptiveRepresentationCalculator.Rcheck’
* using R version 4.3.1 (2023-06-16)
* using platform: aarch64-apple-darwin20 (64-bit)
* R was compiled by
    Apple clang version 14.0.0 (clang-1400.0.29.202)
    GNU Fortran (GCC) 12.2.0
* running under: macOS Ventura 13.5
* using session charset: UTF-8
* using option ‘--as-cran’
* checking for file ‘DescriptiveRepresentationCalculator/DESCRIPTION’ ... OK
* this is package ‘DescriptiveRepresentationCalculator’ version ‘1.0.0’
* package encoding: UTF-8
* checking CRAN incoming feasibility ... [3s/12s] NOTE
Maintainer: ‘Connor Jerzak <connor.jerzak@gmail.com>’

New submission
* checking package namespace information ... OK
* checking package dependencies ... OK
* checking if this is a source package ... OK
* checking if there is a namespace ... OK
* checking for executable files ... OK
* checking for hidden files and directories ... OK
* checking for portable file names ... OK
* checking for sufficient/correct file permissions ... OK
* checking serialization versions ... OK
* checking whether package ‘DescriptiveRepresentationCalculator’ can be installed ... OK
* checking installed package size ... OK
* checking package directory ... OK
* checking for future file timestamps ... OK
* checking DESCRIPTION meta-information ... OK
* checking top-level files ... OK
* checking for left-over files ... OK
* checking index information ... OK
* checking package subdirectories ... OK
* checking R files for non-ASCII characters ... OK
* checking R files for syntax errors ... OK
* checking whether the package can be loaded ... OK
* checking whether the package can be loaded with stated dependencies ... OK
* checking whether the package can be unloaded cleanly ... OK
* checking whether the namespace can be loaded with stated dependencies ... OK
* checking whether the namespace can be unloaded cleanly ... OK
* checking use of S3 registration ... OK
* checking dependencies in R code ... OK
* checking S3 generic/method consistency ... OK
* checking replacement functions ... OK
* checking foreign function calls ... OK
* checking R code for possible problems ... OK
* checking Rd files ... OK
* checking Rd metadata ... OK
* checking Rd line widths ... OK
* checking Rd cross-references ... OK
* checking for missing documentation entries ... OK
* checking for code/documentation mismatches ... OK
* checking Rd \usage sections ... OK
* checking Rd contents ... OK
* checking for unstated dependencies in examples ... OK
* checking examples ... OK
* checking PDF version of manual ... OK
* checking HTML version of manual ... NOTE
Found the following HTML validation problems:
ExpectedRepresentation.html:4:1 (ExpectedRepresentation.Rd:5): Warning: <link> inserting "type" attribute
ExpectedRepresentation.html:12:1 (ExpectedRepresentation.Rd:5): Warning: <script> proprietary attribute "onload"
ExpectedRepresentation.html:12:1 (ExpectedRepresentation.Rd:5): Warning: <script> inserting "type" attribute
ExpectedRepresentation.html:17:1 (ExpectedRepresentation.Rd:5): Warning: <table> lacks "summary" attribute
ExpectedRepresentation.html:35:1 (ExpectedRepresentation.Rd:10): Warning: <table> lacks "summary" attribute
ObservedRepresentation.html:4:1 (ObservedRepresentation.Rd:5): Warning: <link> inserting "type" attribute
ObservedRepresentation.html:12:1 (ObservedRepresentation.Rd:5): Warning: <script> proprietary attribute "onload"
ObservedRepresentation.html:12:1 (ObservedRepresentation.Rd:5): Warning: <script> inserting "type" attribute
ObservedRepresentation.html:17:1 (ObservedRepresentation.Rd:5): Warning: <table> lacks "summary" attribute
ObservedRepresentation.html:35:1 (ObservedRepresentation.Rd:10): Warning: <table> lacks "summary" attribute
SDRepresentation.html:4:1 (SDRepresentation.Rd:5): Warning: <link> inserting "type" attribute
SDRepresentation.html:12:1 (SDRepresentation.Rd:5): Warning: <script> proprietary attribute "onload"
SDRepresentation.html:12:1 (SDRepresentation.Rd:5): Warning: <script> inserting "type" attribute
SDRepresentation.html:17:1 (SDRepresentation.Rd:5): Warning: <table> lacks "summary" attribute
SDRepresentation.html:36:1 (SDRepresentation.Rd:10): Warning: <table> lacks "summary" attribute
* checking for non-standard things in the check directory ... OK
* checking for detritus in the temp directory ... OK
* DONE
Status: 2 NOTEs
